<?xml version="1.0" encoding="UTF-8"?>
<testsuite name="de.mangalib.MangalibApplicationTests" tests="1" skipped="0" failures="0" errors="0" timestamp="2024-02-24T00:18:54" hostname="CARDINAL" time="0.552">
  <properties/>
  <testcase name="contextLoads()" classname="de.mangalib.MangalibApplicationTests" time="0.552"/>
  <system-out><![CDATA[01:18:47.034 [Test worker] INFO org.springframework.test.context.support.AnnotationConfigContextLoaderUtils -- Could not detect default configuration classes for test class [de.mangalib.MangalibApplicationTests]: MangalibApplicationTests does not declare any static, non-private, non-final, nested classes annotated with @Configuration.
01:18:47.147 [Test worker] INFO org.springframework.boot.test.context.SpringBootTestContextBootstrapper -- Found @SpringBootConfiguration de.mangalib.MangalibApplication for test class de.mangalib.MangalibApplicationTests

  .   ____          _            __ _ _
 /\\ / ___'_ __ _ _(_)_ __  __ _ \ \ \ \
( ( )\___ | '_ | '_| | '_ \/ _` | \ \ \ \
 \\/  ___)| |_)| | | | | || (_| |  ) ) ) )
  '  |____| .__|_| |_|_| |_\__, | / / / /
 =========|_|==============|___/=/_/_/_/
 :: Spring Boot ::                (v3.2.3)

2024-02-24T01:18:47.555+01:00  INFO 53620 --- [    Test worker] de.mangalib.MangalibApplicationTests     : Starting MangalibApplicationTests using Java 21 with PID 53620 (started by drewe in C:\Users\drewe\Documents\MangaLib\mangalib)
2024-02-24T01:18:47.556+01:00  INFO 53620 --- [    Test worker] de.mangalib.MangalibApplicationTests     : No active profile set, falling back to 1 default profile: "default"
2024-02-24T01:18:48.633+01:00  INFO 53620 --- [    Test worker] .s.d.r.c.RepositoryConfigurationDelegate : Bootstrapping Spring Data JPA repositories in DEFAULT mode.
2024-02-24T01:18:48.722+01:00  INFO 53620 --- [    Test worker] .s.d.r.c.RepositoryConfigurationDelegate : Finished Spring Data repository scanning in 80 ms. Found 7 JPA repository interfaces.
2024-02-24T01:18:49.659+01:00  INFO 53620 --- [    Test worker] o.hibernate.jpa.internal.util.LogHelper  : HHH000204: Processing PersistenceUnitInfo [name: default]
2024-02-24T01:18:49.730+01:00  INFO 53620 --- [    Test worker] org.hibernate.Version                    : HHH000412: Hibernate ORM core version 6.4.4.Final
2024-02-24T01:18:49.774+01:00  INFO 53620 --- [    Test worker] o.h.c.internal.RegionFactoryInitiator    : HHH000026: Second-level cache disabled
2024-02-24T01:18:50.061+01:00  INFO 53620 --- [    Test worker] o.s.o.j.p.SpringPersistenceUnitInfo      : No LoadTimeWeaver setup: ignoring JPA class transformer
2024-02-24T01:18:50.096+01:00  INFO 53620 --- [    Test worker] com.zaxxer.hikari.HikariDataSource       : HikariPool-1 - Starting...
2024-02-24T01:18:50.256+01:00  INFO 53620 --- [    Test worker] com.zaxxer.hikari.pool.HikariPool        : HikariPool-1 - Added connection com.mysql.cj.jdbc.ConnectionImpl@68f2363
2024-02-24T01:18:50.259+01:00  INFO 53620 --- [    Test worker] com.zaxxer.hikari.HikariDataSource       : HikariPool-1 - Start completed.
2024-02-24T01:18:50.310+01:00  WARN 53620 --- [    Test worker] org.hibernate.orm.deprecation            : HHH90000025: MySQLDialect does not need to be specified explicitly using 'hibernate.dialect' (remove the property setting and it will be selected by default)
2024-02-24T01:18:51.467+01:00  INFO 53620 --- [    Test worker] o.h.e.t.j.p.i.JtaPlatformInitiator       : HHH000489: No JTA platform available (set 'hibernate.transaction.jta.platform' to enable JTA platform integration)
2024-02-24T01:18:51.512+01:00  INFO 53620 --- [    Test worker] j.LocalContainerEntityManagerFactoryBean : Initialized JPA EntityManagerFactory for persistence unit 'default'
2024-02-24T01:18:52.148+01:00  INFO 53620 --- [    Test worker] o.s.d.j.r.query.QueryEnhancerFactory     : Hibernate is in classpath; If applicable, HQL parser will be used.
2024-02-24T01:18:52.996+01:00  WARN 53620 --- [    Test worker] JpaBaseConfiguration$JpaWebConfiguration : spring.jpa.open-in-view is enabled by default. Therefore, database queries may be performed during view rendering. Explicitly configure spring.jpa.open-in-view to disable this warning
2024-02-24T01:18:54.199+01:00  INFO 53620 --- [    Test worker] o.s.b.a.e.web.EndpointLinksResolver      : Exposing 1 endpoint(s) beneath base path '/actuator'
2024-02-24T01:18:54.309+01:00  INFO 53620 --- [    Test worker] de.mangalib.MangalibApplicationTests     : Started MangalibApplicationTests in 6.991 seconds (process running for 8.266)
]]></system-out>
  <system-err><![CDATA[WARNING: A Java agent has been loaded dynamically (C:\Users\drewe\.gradle\caches\modules-2\files-2.1\net.bytebuddy\byte-buddy-agent\1.14.12\be4984cb6fd1ef1d11f218a648889dfda44b8a15\byte-buddy-agent-1.14.12.jar)
WARNING: If a serviceability tool is in use, please run with -XX:+EnableDynamicAgentLoading to hide this warning
WARNING: If a serviceability tool is not in use, please run with -Djdk.instrument.traceUsage for more information
WARNING: Dynamic loading of agents will be disallowed by default in a future release
]]></system-err>
</testsuite>
